ssh://bgshin@ainos03.mathcs.emory.edu:22/home/bgshin/.virtualenvs/mxnet/bin/python -u /home/bgshin/works/mxnet_cnn/src/decode_speed.py
Using TensorFlow backend.
I tensorflow/stream_executor/dso_loader.cc:135] successfully opened CUDA library libcublas.so.8.0 locally
I tensorflow/stream_executor/dso_loader.cc:135] successfully opened CUDA library libcudnn.so.5 locally
I tensorflow/stream_executor/dso_loader.cc:135] successfully opened CUDA library libcufft.so.8.0 locally
I tensorflow/stream_executor/dso_loader.cc:135] successfully opened CUDA library libcuda.so.1 locally
I tensorflow/stream_executor/dso_loader.cc:135] successfully opened CUDA library libcurand.so.8.0 locally
W tensorflow/core/platform/cpu_feature_guard.cc:45] The TensorFlow library wasn't compiled to use SSE3 instructions, but these are available on your machine and could speed up CPU computations.
W tensorflow/core/platform/cpu_feature_guard.cc:45] The TensorFlow library wasn't compiled to use SSE4.1 instructions, but these are available on your machine and could speed up CPU computations.
W tensorflow/core/platform/cpu_feature_guard.cc:45] The TensorFlow library wasn't compiled to use SSE4.2 instructions, but these are available on your machine and could speed up CPU computations.
W tensorflow/core/platform/cpu_feature_guard.cc:45] The TensorFlow library wasn't compiled to use AVX instructions, but these are available on your machine and could speed up CPU computations.
W tensorflow/core/platform/cpu_feature_guard.cc:45] The TensorFlow library wasn't compiled to use AVX2 instructions, but these are available on your machine and could speed up CPU computations.
W tensorflow/core/platform/cpu_feature_guard.cc:45] The TensorFlow library wasn't compiled to use FMA instructions, but these are available on your machine and could speed up CPU computations.
I tensorflow/core/common_runtime/gpu/gpu_device.cc:885] Found device 0 with properties: 
name: TITAN X (Pascal)
major: 6 minor: 1 memoryClockRate (GHz) 1.531
pciBusID 0000:03:00.0
Total memory: 11.90GiB
Free memory: 11.76GiB
I tensorflow/core/common_runtime/gpu/gpu_device.cc:906] DMA: 0 
I tensorflow/core/common_runtime/gpu/gpu_device.cc:916] 0:   Y 
I tensorflow/core/common_runtime/gpu/gpu_device.cc:975] Creating TensorFlow device (/gpu:0) -> (device: 0, name: TITAN X (Pascal), pci bus id: 0000:03:00.0)
[load_all...] Elapsed: 0.00154900550842
Tensor("Relu:0", shape=(?, 59, 32), dtype=float32)
Tensor("Squeeze_1:0", shape=(?, 29, 32), dtype=float32)
Tensor("Relu_1:0", shape=(?, 58, 32), dtype=float32)
Tensor("Squeeze_3:0", shape=(?, 29, 32), dtype=float32)
Tensor("Relu_2:0", shape=(?, 57, 32), dtype=float32)
Tensor("Squeeze_5:0", shape=(?, 28, 32), dtype=float32)
Tensor("Relu_3:0", shape=(?, 56, 32), dtype=float32)
Tensor("Squeeze_7:0", shape=(?, 28, 32), dtype=float32)
E tensorflow/stream_executor/cuda/cuda_driver.cc:1002] failed to allocate 3.90G (4191092736 bytes) from device: CUDA_ERROR_OUT_OF_MEMORY
[load model weights...] Elapsed: 23.6076271534
____________________________________________________________________________________________________
Layer (type)                     Output Shape          Param #     Connected to                     
====================================================================================================
input_1 (InputLayer)             (None, 60)            0                                            
____________________________________________________________________________________________________
embedding_1 (Embedding)          (None, 60, 400)       1066316800  input_1[0][0]                    
____________________________________________________________________________________________________
convolution1d_1 (Convolution1D)  (None, 59, 32)        25632       embedding_1[0][0]                
____________________________________________________________________________________________________
convolution1d_2 (Convolution1D)  (None, 58, 32)        38432       embedding_1[0][0]                
____________________________________________________________________________________________________
convolution1d_3 (Convolution1D)  (None, 57, 32)        51232       embedding_1[0][0]                
____________________________________________________________________________________________________
convolution1d_4 (Convolution1D)  (None, 56, 32)        64032       embedding_1[0][0]                
____________________________________________________________________________________________________
maxpooling1d_1 (MaxPooling1D)    (None, 29, 32)        0           convolution1d_1[0][0]            
____________________________________________________________________________________________________
maxpooling1d_2 (MaxPooling1D)    (None, 29, 32)        0           convolution1d_2[0][0]            
____________________________________________________________________________________________________
maxpooling1d_3 (MaxPooling1D)    (None, 28, 32)        0           convolution1d_3[0][0]            
____________________________________________________________________________________________________
maxpooling1d_4 (MaxPooling1D)    (None, 28, 32)        0           convolution1d_4[0][0]            
____________________________________________________________________________________________________
flatten_1 (Flatten)              (None, 928)           0           maxpooling1d_1[0][0]             
____________________________________________________________________________________________________
flatten_2 (Flatten)              (None, 928)           0           maxpooling1d_2[0][0]             
____________________________________________________________________________________________________
flatten_3 (Flatten)              (None, 896)           0           maxpooling1d_3[0][0]             
____________________________________________________________________________________________________
flatten_4 (Flatten)              (None, 896)           0           maxpooling1d_4[0][0]             
____________________________________________________________________________________________________
merge_1 (Merge)                  (None, 3648)          0           flatten_1[0][0]                  
                                                                   flatten_2[0][0]                  
                                                                   flatten_3[0][0]                  
                                                                   flatten_4[0][0]                  
____________________________________________________________________________________________________
dropout_1 (Dropout)              (None, 3648)          0           merge_1[0][0]                    
____________________________________________________________________________________________________
dense_1 (Dense)                  (None, 50)            182450      dropout_1[0][0]                  
____________________________________________________________________________________________________
dense_2 (Dense)                  (None, 5)             255         dense_1[0][0]                    
====================================================================================================
Total params: 1,066,678,833
Trainable params: 362,033
Non-trainable params: 1,066,316,800
____________________________________________________________________________________________________
[Build model...] Elapsed: 23.8376200199
/home/bgshin/.virtualenvs/mxnet/local/lib/python2.7/site-packages/keras/backend/tensorflow_backend.py:1960: UserWarning: Expected no kwargs, you passed 1
kwargs passed to function are ignored with Tensorflow backend
  warnings.warn('\n'.join(msg))
8192/8544 [===========================>..] - ETA: 0s[1.4002108364069505, 0.39536516853932585]
[decode] Elapsed: 1.65399503708

Process finished with exit code 0
